2025-09-27 12:41:13 - image_processor - INFO - Запуск демонстрации приложения
2025-09-27 12:41:14 - image_processor - INFO - Создано демонстрационное изображение: demo_image.png
2025-09-27 12:41:14 - image_processor - INFO - Демонстрационное изображение загружено
2025-09-27 12:41:14 - image_processor - INFO - Логарифмическое преобразование применено
2025-09-27 12:41:14 - image_processor - INFO - Результат сохранен: demo_result.png
2025-09-27 12:41:53 - image_processor - INFO - Запуск приложения обработки изображений
2025-09-27 12:47:34 - image_processor - INFO - Запуск приложения обработки изображений
2025-09-27 12:51:08 - image_processor - INFO - Запуск приложения обработки изображений
2025-09-27 12:56:32 - image_processor - INFO - Запуск приложения обработки изображений
2025-09-27 12:58:02 - image_processor - INFO - Запуск приложения обработки изображений
2025-09-27 13:00:33 - image_processor - INFO - Запуск приложения обработки изображений
2025-09-27 13:01:56 - image_processor - INFO - Запуск приложения обработки изображений
2025-09-27 13:10:31 - image_processor - INFO - Запуск приложения обработки изображений
2025-09-27 13:12:38 - image_processor - INFO - Запуск приложения обработки изображений
2025-09-27 13:13:37 - image_processor - INFO - Запуск приложения обработки изображений
2025-09-27 13:15:20 - image_processor - INFO - Запуск приложения обработки изображений
2025-09-27 13:17:27 - image_processor - INFO - Запуск приложения обработки изображений
2025-09-27 13:19:06 - image_processor - INFO - Запуск приложения обработки изображений
2025-09-27 13:19:32 - image_processor - INFO - Запуск приложения обработки изображений
2025-09-27 13:21:17 - image_processor - INFO - Запуск приложения обработки изображений
2025-09-27 16:18:49 - image_processor - INFO - Запуск приложения обработки изображений
2025-09-27 16:20:39 - image_processor - INFO - Запуск приложения обработки изображений
2025-09-27 16:20:54 - image_processor - INFO - Запуск приложения обработки изображений
